2025-11-04 13:33:37, MOVE, v:1, k:poo@array, mode:PICK
2025-11-04 13:33:37, EXEC, v:1, k:poo@array, mode:LOCK, rate:0, size:2
2025-11-04 13:33:38, EXEC, v:1, k:poo@array, mode:LOCK, rate:0
2025-11-04 13:33:38, EXEC, v:1, k:poo@array, mode:LOCK, rate:0
2025-11-04 13:33:39, EXEC, v:1, k:poo@array, mode:LOCK, rate:0
2025-11-04 13:33:39, EXEC, v:1, k:poo@array, mode:LOCK, rate:0
2025-11-04 13:33:39, EXEC, v:1, k:poo@array, mode:LOCK, rate:0
2025-11-04 13:33:39, EXEC, v:1, k:poo@array, mode:LOCK, rate:0
2025-11-04 13:33:40, EXEC, v:1, k:poo@array, mode:LOCK, rate:0
2025-11-04 13:33:40, EXEC, v:1, k:poo@array, mode:LOCK, rate:0
2025-11-04 13:33:40, EXEC, v:1, k:poo@array, mode:LOCK, rate:0
2025-11-04 13:33:40, EXEC, v:1, k:poo@array, mode:LOCK, rate:0
2025-11-04 13:33:49, EXEC, v:1, k:poo@array, mode:LOCK, rate:0, size:2
2025-11-04 13:33:49, EXEC, v:1, k:poo@array, mode:LOCK, rate:0, size:2
2025-11-04 13:34:10, EXEC, v:1, k:poo@array, mode:LOCK, rate:0, size:2
2025-11-04 13:34:10, EXEC, v:1, k:poo@array, mode:LOCK, rate:0, size:2
2025-11-04 13:34:36, EXEC, v:1, k:poo@array, mode:LOCK, rate:0, size:2
2025-11-04 13:34:46, EXEC, v:1, k:poo@array, mode:LOCK, rate:0, size:2
2025-11-04 13:34:54, EXEC, v:1, k:poo@array, mode:LOCK, rate:0, size:2
2025-11-04 13:42:02, MOVE, v:1, k:poo@array, mode:BACK
2025-11-04 13:42:05, MOVE, v:1, k:poo@tabuleiro, mode:PICK
2025-11-04 13:42:07, EXEC, v:1, k:poo@tabuleiro, mode:FULL, rate:0, size:0
2025-11-04 13:42:08, MOVE, v:1, k:poo@tabuleiro, mode:BACK
2025-11-04 13:42:25, SELF, v:1, k:poo@tabuleiro
